<?xml version="1.0" encoding="UTF-8" ?>
<testsuite tests="1" failures="0" name="org.jasig.cas.client.ssl.WhitelistHostnameVerifierTests" time="0.074" errors="0" skipped="0">
  <properties>
    <property name="java.runtime.name" value="Java(TM) SE Runtime Environment"/>
    <property name="sun.boot.library.path" value="C:\Program Files\java\jdk1.8\jre\bin"/>
    <property name="java.vm.version" value="25.40-b25"/>
    <property name="java.vm.vendor" value="Oracle Corporation"/>
    <property name="java.vendor.url" value="http://java.oracle.com/"/>
    <property name="path.separator" value=";"/>
    <property name="java.vm.name" value="Java HotSpot(TM) 64-Bit Server VM"/>
    <property name="file.encoding.pkg" value="sun.io"/>
    <property name="user.script" value=""/>
    <property name="user.country" value="CN"/>
    <property name="sun.java.launcher" value="SUN_STANDARD"/>
    <property name="sun.os.patch.level" value=""/>
    <property name="java.vm.specification.name" value="Java Virtual Machine Specification"/>
    <property name="user.dir" value="D:\sso-cas-workspace\cas-client-workspace\cas-client\cas-client-core"/>
    <property name="java.runtime.version" value="1.8.0_40-b25"/>
    <property name="java.awt.graphicsenv" value="sun.awt.Win32GraphicsEnvironment"/>
    <property name="basedir" value="D:\sso-cas-workspace\cas-client-workspace\cas-client\cas-client-core"/>
    <property name="java.endorsed.dirs" value="C:\Program Files\java\jdk1.8\jre\lib\endorsed"/>
    <property name="os.arch" value="amd64"/>
    <property name="surefire.real.class.path" value="C:\Users\qinsz\AppData\Local\Temp\surefirebooter5804689257217312945.jar"/>
    <property name="java.io.tmpdir" value="C:\Users\qinsz\AppData\Local\Temp\"/>
    <property name="line.separator" value="
"/>
    <property name="java.vm.specification.vendor" value="Oracle Corporation"/>
    <property name="user.variant" value=""/>
    <property name="os.name" value="Windows 7"/>
    <property name="sun.jnu.encoding" value="GBK"/>
    <property name="java.library.path" value="C:\Program Files\java\jdk1.8\jre\bin;C:\Windows\Sun\Java\bin;C:\Windows\system32;C:\Windows;C:/Program Files/java/jdk1.8/bin/../jre/bin/server;C:/Program Files/java/jdk1.8/bin/../jre/bin;C:/Program Files/java/jdk1.8/bin/../jre/lib/amd64;E:\app\qinsz\product\11.2.0\dbhome_1\bin;C:\Windows\system32;C:\Windows;C:\Windows\System32\Wbem;C:\Windows\System32\WindowsPowerShell\v1.0\;C:\Program Files\TortoiseSVN\bin;C:\Program Files\java\jdk1.8\bin;C:\Program Files\java\jdk1.8\jre\bin;C:\Program Files (x86)\IDM Computer Solutions\UltraEdit;E:\sso-cas-work\tools\gradle-3.5\bin;E:\sso-cas-work\tools\apache-maven-3.5.0\bin;E:\sso-cas-work\tools\eclipse-jee-mars-2-win32-x86_64\eclipse;;."/>
    <property name="surefire.test.class.path" value="D:\sso-cas-workspace\cas-client-workspace\cas-client\cas-client-core\target\test-classes;D:\sso-cas-workspace\cas-client-workspace\cas-client\cas-client-core\target\classes;D:\sso-cas-workspace\.m2\repository\xml-security\xmlsec\1.3.0\xmlsec-1.3.0.jar;D:\sso-cas-workspace\.m2\repository\org\opensaml\opensaml\1.1\opensaml-1.1.jar;D:\sso-cas-workspace\.m2\repository\org\springframework\spring-beans\2.5.6.SEC01\spring-beans-2.5.6.SEC01.jar;D:\sso-cas-workspace\.m2\repository\org\springframework\spring-test\2.5.6.SEC01\spring-test-2.5.6.SEC01.jar;D:\sso-cas-workspace\.m2\repository\org\springframework\spring-core\2.5.6.SEC01\spring-core-2.5.6.SEC01.jar;D:\sso-cas-workspace\.m2\repository\org\springframework\spring-context\2.5.6.SEC01\spring-context-2.5.6.SEC01.jar;D:\sso-cas-workspace\.m2\repository\aopalliance\aopalliance\1.0\aopalliance-1.0.jar;D:\sso-cas-workspace\.m2\repository\log4j\log4j\1.2.15\log4j-1.2.15.jar;D:\sso-cas-workspace\.m2\repository\javax\mail\mail\1.4\mail-1.4.jar;D:\sso-cas-workspace\.m2\repository\javax\activation\activation\1.1\activation-1.1.jar;D:\sso-cas-workspace\.m2\repository\junit\junit\4.8.2\junit-4.8.2.jar;D:\sso-cas-workspace\.m2\repository\commons-logging\commons-logging\1.1\commons-logging-1.1.jar;D:\sso-cas-workspace\.m2\repository\javax\servlet\servlet-api\2.4\servlet-api-2.4.jar;"/>
    <property name="java.specification.name" value="Java Platform API Specification"/>
    <property name="java.class.version" value="52.0"/>
    <property name="sun.management.compiler" value="HotSpot 64-Bit Tiered Compilers"/>
    <property name="os.version" value="6.1"/>
    <property name="user.home" value="C:\Users\qinsz"/>
    <property name="user.timezone" value="Asia/Shanghai"/>
    <property name="java.awt.printerjob" value="sun.awt.windows.WPrinterJob"/>
    <property name="java.specification.version" value="1.8"/>
    <property name="file.encoding" value="GBK"/>
    <property name="user.name" value="qinsz"/>
    <property name="java.class.path" value="D:\sso-cas-workspace\cas-client-workspace\cas-client\cas-client-core\target\test-classes;D:\sso-cas-workspace\cas-client-workspace\cas-client\cas-client-core\target\classes;D:\sso-cas-workspace\.m2\repository\xml-security\xmlsec\1.3.0\xmlsec-1.3.0.jar;D:\sso-cas-workspace\.m2\repository\org\opensaml\opensaml\1.1\opensaml-1.1.jar;D:\sso-cas-workspace\.m2\repository\org\springframework\spring-beans\2.5.6.SEC01\spring-beans-2.5.6.SEC01.jar;D:\sso-cas-workspace\.m2\repository\org\springframework\spring-test\2.5.6.SEC01\spring-test-2.5.6.SEC01.jar;D:\sso-cas-workspace\.m2\repository\org\springframework\spring-core\2.5.6.SEC01\spring-core-2.5.6.SEC01.jar;D:\sso-cas-workspace\.m2\repository\org\springframework\spring-context\2.5.6.SEC01\spring-context-2.5.6.SEC01.jar;D:\sso-cas-workspace\.m2\repository\aopalliance\aopalliance\1.0\aopalliance-1.0.jar;D:\sso-cas-workspace\.m2\repository\log4j\log4j\1.2.15\log4j-1.2.15.jar;D:\sso-cas-workspace\.m2\repository\javax\mail\mail\1.4\mail-1.4.jar;D:\sso-cas-workspace\.m2\repository\javax\activation\activation\1.1\activation-1.1.jar;D:\sso-cas-workspace\.m2\repository\junit\junit\4.8.2\junit-4.8.2.jar;D:\sso-cas-workspace\.m2\repository\commons-logging\commons-logging\1.1\commons-logging-1.1.jar;D:\sso-cas-workspace\.m2\repository\javax\servlet\servlet-api\2.4\servlet-api-2.4.jar;"/>
    <property name="java.vm.specification.version" value="1.8"/>
    <property name="sun.arch.data.model" value="64"/>
    <property name="java.home" value="C:\Program Files\java\jdk1.8\jre"/>
    <property name="sun.java.command" value="C:\Users\qinsz\AppData\Local\Temp\surefirebooter5804689257217312945.jar C:\Users\qinsz\AppData\Local\Temp\surefire8163334493329996586tmp C:\Users\qinsz\AppData\Local\Temp\surefire3376192502492866840tmp"/>
    <property name="java.specification.vendor" value="Oracle Corporation"/>
    <property name="user.language" value="zh"/>
    <property name="awt.toolkit" value="sun.awt.windows.WToolkit"/>
    <property name="java.vm.info" value="mixed mode"/>
    <property name="java.version" value="1.8.0_40"/>
    <property name="java.ext.dirs" value="C:\Program Files\java\jdk1.8\jre\lib\ext;C:\Windows\Sun\Java\lib\ext"/>
    <property name="sun.boot.class.path" value="C:\Program Files\java\jdk1.8\jre\lib\resources.jar;C:\Program Files\java\jdk1.8\jre\lib\rt.jar;C:\Program Files\java\jdk1.8\jre\lib\sunrsasign.jar;C:\Program Files\java\jdk1.8\jre\lib\jsse.jar;C:\Program Files\java\jdk1.8\jre\lib\jce.jar;C:\Program Files\java\jdk1.8\jre\lib\charsets.jar;C:\Program Files\java\jdk1.8\jre\lib\jfr.jar;C:\Program Files\java\jdk1.8\jre\classes"/>
    <property name="java.vendor" value="Oracle Corporation"/>
    <property name="localRepository" value="D:\sso-cas-workspace\.m2\repository"/>
    <property name="file.separator" value="\"/>
    <property name="java.vendor.url.bug" value="http://bugreport.sun.com/bugreport/"/>
    <property name="sun.cpu.endian" value="little"/>
    <property name="sun.io.unicode.encoding" value="UnicodeLittle"/>
    <property name="sun.desktop" value="windows"/>
    <property name="sun.cpu.isalist" value="amd64"/>
  </properties>
  <testcase classname="org.jasig.cas.client.ssl.WhitelistHostnameVerifierTests" name="testVerify" time="0.003"/>
</testsuite>